!SESSION 2017-06-23 15:31:46.515 -----------------------------------------------
eclipse.buildId=4.6.2.M20161124-1400
java.version=1.8.0_112
java.vendor=Oracle Corporation
BootLoader constants: OS=win32, ARCH=x86_64, WS=win32, NL=ja_JP
Framework arguments:  -product org.eclipse.epp.package.jee.product
Command-line arguments:  -os win32 -ws win32 -arch x86_64 -product org.eclipse.epp.package.jee.product

This is a continuation of log file C:\Users\taihei\OneDrive\kougi\B3\春\javaE\.metadata\.bak_0.log
Created Time: 2017-06-23 15:31:51.744
!SESSION 2017-06-23 15:31:46.515 -----------------------------------------------
eclipse.buildId=4.6.2.M20161124-1400
java.version=1.8.0_112
java.vendor=Oracle Corporation
BootLoader constants: OS=win32, ARCH=x86_64, WS=win32, NL=ja_JP
Framework arguments:  -product org.eclipse.epp.package.jee.product
Command-line arguments:  -os win32 -ws win32 -arch x86_64 -product org.eclipse.epp.package.jee.product

!ENTRY org.eclipse.jface 2 0 2017-06-23 15:31:51.745
!MESSAGE キーバインドの競合が発生しました。 通常のアクセラレーター操作を妨げる可能性があります。
!SUBENTRY 1 org.eclipse.jface 2 0 2017-06-23 15:31:51.745
!MESSAGE ALT+CTRL+T の競合が発生しました:
Binding(ALT+CTRL+T,
	ParameterizedCommand(Command(org.eclipse.tm.terminal.connector.local.command.launch,選択されたローカル・ターミナルを開く,
		,
		Category(org.eclipse.tm.terminal.view.ui.commands.category,ターミナル・コマンド,null,true),
		org.eclipse.ui.internal.WorkbenchHandlerServiceHandler@5f0a5848,
		,,true),null),
	org.eclipse.ui.defaultAcceleratorConfiguration,
	org.eclipse.ui.contexts.window,,,system)
Binding(ALT+CTRL+T,
	ParameterizedCommand(Command(org.eclipse.team.svn.ui.command.EditPropertiesCommand,プロパティーの表示,
		,
		Category(org.eclipse.team.svn.ui.command.category,SVN,null,true),
		org.eclipse.ui.internal.WorkbenchHandlerServiceHandler@c6db00d,
		,,true),null),
	org.eclipse.ui.defaultAcceleratorConfiguration,
	org.eclipse.ui.contexts.window,,,system)
!SUBENTRY 1 org.eclipse.jface 2 0 2017-06-23 15:31:51.745
!MESSAGE A conflict occurred for ALT+SHIFT+X R:
Binding(ALT+SHIFT+X R,
	ParameterizedCommand(Command(org.eclipse.wst.server.launchShortcut.run,サーバーで実行,
		サーバー上の現在の選択を実行,
		Category(org.eclipse.debug.ui.category.run,実行/デバッグ,コマンド実行/デバッグのカテゴリー,true),
		org.eclipse.ui.internal.WorkbenchHandlerServiceHandler@732fa176,
		,,true),null),
	org.eclipse.ui.defaultAcceleratorConfiguration,
	org.eclipse.ui.contexts.window,,,system)
Binding(ALT+SHIFT+X R,
	ParameterizedCommand(Command(org.eclipse.rap.tools.launch.RAPLaunchShortcut.run,RAP アプリケーションの実行,
		RAP アプリケーションの実行,
		Category(org.eclipse.debug.ui.category.run,実行/デバッグ,コマンド実行/デバッグのカテゴリー,true),
		org.eclipse.ui.internal.WorkbenchHandlerServiceHandler@413e8246,
		,,true),null),
	org.eclipse.ui.defaultAcceleratorConfiguration,
	org.eclipse.ui.contexts.window,,,system)
!SUBENTRY 1 org.eclipse.jface 2 0 2017-06-23 15:31:51.745
!MESSAGE A conflict occurred for ALT+SHIFT+D R:
Binding(ALT+SHIFT+D R,
	ParameterizedCommand(Command(org.eclipse.wst.server.launchShortcut.debug,サーバーでデバッグ,
		サーバー上の現在の選択をデバッグ,
		Category(org.eclipse.debug.ui.category.run,実行/デバッグ,コマンド実行/デバッグのカテゴリー,true),
		org.eclipse.ui.internal.WorkbenchHandlerServiceHandler@4c7b4a31,
		,,true),null),
	org.eclipse.ui.defaultAcceleratorConfiguration,
	org.eclipse.ui.contexts.window,,,system)
Binding(ALT+SHIFT+D R,
	ParameterizedCommand(Command(org.eclipse.rap.tools.launch.RAPLaunchShortcut.debug,RAP アプリケーションのデバッグ,
		RAP アプリケーションのデバッグ,
		Category(org.eclipse.debug.ui.category.run,実行/デバッグ,コマンド実行/デバッグのカテゴリー,true),
		org.eclipse.ui.internal.WorkbenchHandlerServiceHandler@2df7766b,
		,,true),null),
	org.eclipse.ui.defaultAcceleratorConfiguration,
	org.eclipse.ui.contexts.window,,,system)

!ENTRY org.eclipse.jface 2 0 2017-06-23 15:31:56.225
!MESSAGE キーバインドの競合が発生しました。 通常のアクセラレーター操作を妨げる可能性があります。
!SUBENTRY 1 org.eclipse.jface 2 0 2017-06-23 15:31:56.225
!MESSAGE ALT+CTRL+SPACE の競合が発生しました:
Binding(ALT+CTRL+SPACE,
	ParameterizedCommand(Command(AnyEdit.CnvrtTabToSpaces.command,タブをスペースに,
		,
		Category(AnyEdit.category,AnyEdit ツール,AnyEdit ツール・キー・バインド,true),
		org.eclipse.ui.internal.WorkbenchHandlerServiceHandler@2857dbe3,
		,,true),null),
	org.eclipse.ui.defaultAcceleratorConfiguration,
	org.eclipse.ui.textEditorScope,,,system)
Binding(ALT+CTRL+SPACE,
	ParameterizedCommand(Command(org.eclipse.recommenders.snipmatch.rcp.commands.completion,Snipmatch スニペット・コンプリート,
		Open a dialog to search for and insert code snippets,
		Category(org.eclipse.jdt.ui.category.source,ソース,Java ソース・アクション,true),
		org.eclipse.ui.internal.WorkbenchHandlerServiceHandler@7e913ef1,
		,,true),null),
	org.eclipse.ui.defaultAcceleratorConfiguration,
	org.eclipse.ui.textEditorScope,,,system)
!SUBENTRY 1 org.eclipse.jface 2 0 2017-06-23 15:31:56.225
!MESSAGE CTRL+- の競合が発生しました:
Binding(CTRL+-,
	ParameterizedCommand(Command(org.eclipse.gef.zoom_out,ズームアウト,
		ズームアウト,
		Category(org.eclipse.gef.category.view,ビュー,ビュー,true),
		org.eclipse.ui.internal.WorkbenchHandlerServiceHandler@292109c7,
		,,true),null),
	org.eclipse.ui.defaultAcceleratorConfiguration,
	org.eclipse.ui.contexts.window,,,system)
Binding(CTRL+-,
	ParameterizedCommand(Command(org.eclipse.ui.edit.text.zoomOut,ズームアウト,
		テキストのズーム・アウト - テキスト・エディターのデフォルト・フォント・サイズを小さくします,
		Category(org.eclipse.ui.category.textEditor,テキスト編集,テキスト編集コマンド,true),
		org.eclipse.ui.internal.WorkbenchHandlerServiceHandler@ba6907f,
		,,true),null),
	org.eclipse.ui.defaultAcceleratorConfiguration,
	org.eclipse.ui.textEditorScope,,,system)
Binding(CTRL+-,
	ParameterizedCommand(Command(junit.extensions.eclipse.quick.pde.command.PDEJUnitRunAction,JUnit Plug-in テスト,
		PDE JUnitでテストを実行します．,
		Category(junit.extensions.eclipse.quick.command.category,Quick JUnit,Quick JUnitアクション,true),
		org.eclipse.ui.internal.WorkbenchHandlerServiceHandler@1d38ca2b,
		,,true),null),
	org.eclipse.ui.defaultAcceleratorConfiguration,
	org.eclipse.ui.textEditorScope,,,system)

!ENTRY org.eclipse.equinox.p2.repository 2 0 2017-06-23 15:32:03.857
!MESSAGE サーバーが lastModified <= 0 を戻しました http://raw.githubusercontent.com/cnfree/eclipse/master/decompiler/update/content.jar

!ENTRY org.eclipse.jface.text 2 0 2017-06-23 15:35:43.331
!MESSAGE 重複テンプレート ID: 'org.eclipse.wst.xslt.templates.xpath.number'

!ENTRY org.eclipse.jface.text 2 0 2017-06-23 15:35:43.332
!MESSAGE 重複テンプレート ID: 'org.eclipse.wst.xslt.templates.xpath.round'

!ENTRY org.eclipse.jface.text 2 0 2017-06-23 15:35:43.342
!MESSAGE 重複テンプレート ID: 'zigen.plugin.db.template.sql.case'

!ENTRY org.eclipse.ui 8 4 2017-06-23 15:46:11.660
!MESSAGE パートを作成できません
!SUBENTRY 1 org.sf.feeling.decompiler 8 1 2017-06-23 15:46:11.660
!MESSAGE 
!STACK 1
org.eclipse.core.runtime.CoreException: 
	at org.sf.feeling.decompiler.editor.JavaDecompilerClassFileEditor.doSetInput(JavaDecompilerClassFileEditor.java:303)
	at org.sf.feeling.decompiler.editor.JavaDecompilerClassFileEditor.doSetInput(JavaDecompilerClassFileEditor.java:224)
	at org.eclipse.ui.texteditor.AbstractTextEditor$5.run(AbstractTextEditor.java:3154)
	at org.eclipse.jface.operation.ModalContext.runInCurrentThread(ModalContext.java:437)
	at org.eclipse.jface.operation.ModalContext.run(ModalContext.java:353)
	at org.eclipse.ui.internal.WorkbenchWindow$14.run(WorkbenchWindow.java:2184)
	at org.eclipse.swt.custom.BusyIndicator.showWhile(BusyIndicator.java:70)
	at org.eclipse.ui.internal.WorkbenchWindow.run(WorkbenchWindow.java:2180)
	at org.eclipse.ui.texteditor.AbstractTextEditor.internalInit(AbstractTextEditor.java:3172)
	at org.eclipse.ui.texteditor.AbstractTextEditor.init(AbstractTextEditor.java:3197)
	at org.eclipse.ui.internal.EditorReference.initialize(EditorReference.java:362)
	at org.eclipse.ui.internal.e4.compatibility.CompatibilityPart.create(CompatibilityPart.java:318)
	at sun.reflect.NativeMethodAccessorImpl.invoke0(Native Method)
	at sun.reflect.NativeMethodAccessorImpl.invoke(NativeMethodAccessorImpl.java:62)
	at sun.reflect.DelegatingMethodAccessorImpl.invoke(DelegatingMethodAccessorImpl.java:43)
	at java.lang.reflect.Method.invoke(Method.java:498)
	at org.eclipse.e4.core.internal.di.MethodRequestor.execute(MethodRequestor.java:55)
	at org.eclipse.e4.core.internal.di.InjectorImpl.processAnnotated(InjectorImpl.java:966)
	at org.eclipse.e4.core.internal.di.InjectorImpl.processAnnotated(InjectorImpl.java:931)
	at org.eclipse.e4.core.internal.di.InjectorImpl.inject(InjectorImpl.java:151)
	at org.eclipse.e4.core.internal.di.InjectorImpl.internalMake(InjectorImpl.java:375)
	at org.eclipse.e4.core.internal.di.InjectorImpl.make(InjectorImpl.java:294)
	at org.eclipse.e4.core.contexts.ContextInjectionFactory.make(ContextInjectionFactory.java:162)
	at org.eclipse.e4.ui.internal.workbench.ReflectionContributionFactory.createFromBundle(ReflectionContributionFactory.java:105)
	at org.eclipse.e4.ui.internal.workbench.ReflectionContributionFactory.doCreate(ReflectionContributionFactory.java:74)
	at org.eclipse.e4.ui.internal.workbench.ReflectionContributionFactory.create(ReflectionContributionFactory.java:56)
	at org.eclipse.e4.ui.workbench.renderers.swt.ContributedPartRenderer.createWidget(ContributedPartRenderer.java:129)
	at org.eclipse.e4.ui.internal.workbench.swt.PartRenderingEngine.createWidget(PartRenderingEngine.java:975)
	at org.eclipse.e4.ui.internal.workbench.swt.PartRenderingEngine.safeCreateGui(PartRenderingEngine.java:651)
	at org.eclipse.e4.ui.internal.workbench.swt.PartRenderingEngine.safeCreateGui(PartRenderingEngine.java:757)
	at org.eclipse.e4.ui.internal.workbench.swt.PartRenderingEngine.access$0(PartRenderingEngine.java:728)
	at org.eclipse.e4.ui.internal.workbench.swt.PartRenderingEngine$2.run(PartRenderingEngine.java:722)
	at org.eclipse.core.runtime.SafeRunner.run(SafeRunner.java:42)
	at org.eclipse.e4.ui.internal.workbench.swt.PartRenderingEngine.createGui(PartRenderingEngine.java:706)
	at org.eclipse.e4.ui.internal.workbench.PartServiceImpl$1.handleEvent(PartServiceImpl.java:104)
	at org.eclipse.e4.ui.services.internal.events.UIEventHandler$1.run(UIEventHandler.java:40)
	at org.eclipse.swt.widgets.Synchronizer.syncExec(Synchronizer.java:233)
	at org.eclipse.ui.internal.UISynchronizer.syncExec(UISynchronizer.java:145)
	at org.eclipse.swt.widgets.Display.syncExec(Display.java:4821)
	at org.eclipse.e4.ui.internal.workbench.swt.E4Application$1.syncExec(E4Application.java:211)
	at org.eclipse.e4.ui.services.internal.events.UIEventHandler.handleEvent(UIEventHandler.java:36)
	at org.eclipse.equinox.internal.event.EventHandlerWrapper.handleEvent(EventHandlerWrapper.java:201)
	at org.eclipse.equinox.internal.event.EventHandlerTracker.dispatchEvent(EventHandlerTracker.java:197)
	at org.eclipse.equinox.internal.event.EventHandlerTracker.dispatchEvent(EventHandlerTracker.java:1)
	at org.eclipse.osgi.framework.eventmgr.EventManager.dispatchEvent(EventManager.java:230)
	at org.eclipse.osgi.framework.eventmgr.ListenerQueue.dispatchEventSynchronous(ListenerQueue.java:148)
	at org.eclipse.equinox.internal.event.EventAdminImpl.dispatchEvent(EventAdminImpl.java:135)
	at org.eclipse.equinox.internal.event.EventAdminImpl.sendEvent(EventAdminImpl.java:78)
	at org.eclipse.equinox.internal.event.EventComponent.sendEvent(EventComponent.java:39)
	at org.eclipse.e4.ui.services.internal.events.EventBroker.send(EventBroker.java:94)
	at org.eclipse.e4.ui.internal.workbench.UIEventPublisher.notifyChanged(UIEventPublisher.java:60)
	at org.eclipse.emf.common.notify.impl.BasicNotifierImpl.eNotify(BasicNotifierImpl.java:374)
	at org.eclipse.e4.ui.model.application.ui.impl.ElementContainerImpl.setSelectedElement(ElementContainerImpl.java:173)
	at org.eclipse.e4.ui.internal.workbench.ModelServiceImpl.showElementInWindow(ModelServiceImpl.java:617)
	at org.eclipse.e4.ui.internal.workbench.ModelServiceImpl.bringToTop(ModelServiceImpl.java:581)
	at org.eclipse.e4.ui.internal.workbench.PartServiceImpl.delegateBringToTop(PartServiceImpl.java:770)
	at org.eclipse.e4.ui.internal.workbench.PartServiceImpl.showPart(PartServiceImpl.java:1211)
	at org.eclipse.ui.internal.WorkbenchPage.busyOpenEditor(WorkbenchPage.java:3261)
	at org.eclipse.ui.internal.WorkbenchPage.access$25(WorkbenchPage.java:3176)
	at org.eclipse.ui.internal.WorkbenchPage$10.run(WorkbenchPage.java:3158)
	at org.eclipse.swt.custom.BusyIndicator.showWhile(BusyIndicator.java:70)
	at org.eclipse.ui.internal.WorkbenchPage.openEditor(WorkbenchPage.java:3153)
	at org.eclipse.ui.internal.WorkbenchPage.openEditor(WorkbenchPage.java:3117)
	at org.eclipse.ui.internal.WorkbenchPage.openEditor(WorkbenchPage.java:3107)
	at org.eclipse.ui.ide.IDE.openEditor(IDE.java:563)
	at org.eclipse.ui.ide.IDE.openEditor(IDE.java:518)
	at org.eclipse.ui.internal.ide.handlers.OpenResourceHandler.execute(OpenResourceHandler.java:132)
	at org.eclipse.ui.internal.ide.handlers.OpenResourceHandler.run(OpenResourceHandler.java:187)
	at org.eclipse.ui.internal.handlers.ActionDelegateHandlerProxy.execute(ActionDelegateHandlerProxy.java:299)
	at org.eclipse.ui.internal.handlers.E4HandlerProxy.execute(E4HandlerProxy.java:90)
	at sun.reflect.NativeMethodAccessorImpl.invoke0(Native Method)
	at sun.reflect.NativeMethodAccessorImpl.invoke(NativeMethodAccessorImpl.java:62)
	at sun.reflect.DelegatingMethodAccessorImpl.invoke(DelegatingMethodAccessorImpl.java:43)
	at java.lang.reflect.Method.invoke(Method.java:498)
	at org.eclipse.e4.core.internal.di.MethodRequestor.execute(MethodRequestor.java:55)
	at org.eclipse.e4.core.internal.di.InjectorImpl.invokeUsingClass(InjectorImpl.java:282)
	at org.eclipse.e4.core.internal.di.InjectorImpl.invoke(InjectorImpl.java:264)
	at org.eclipse.e4.core.contexts.ContextInjectionFactory.invoke(ContextInjectionFactory.java:132)
	at org.eclipse.e4.core.commands.internal.HandlerServiceHandler.execute(HandlerServiceHandler.java:152)
	at org.eclipse.core.commands.Command.executeWithChecks(Command.java:494)
	at org.eclipse.core.commands.ParameterizedCommand.executeWithChecks(ParameterizedCommand.java:488)
	at org.eclipse.e4.core.commands.internal.HandlerServiceImpl.executeHandler(HandlerServiceImpl.java:210)
	at org.eclipse.e4.ui.bindings.keys.KeyBindingDispatcher.executeCommand(KeyBindingDispatcher.java:286)
	at org.eclipse.e4.ui.bindings.keys.KeyBindingDispatcher.press(KeyBindingDispatcher.java:507)
	at org.eclipse.e4.ui.bindings.keys.KeyBindingDispatcher.processKeyEvent(KeyBindingDispatcher.java:558)
	at org.eclipse.e4.ui.bindings.keys.KeyBindingDispatcher.filterKeySequenceBindings(KeyBindingDispatcher.java:378)
	at org.eclipse.e4.ui.bindings.keys.KeyBindingDispatcher.access$0(KeyBindingDispatcher.java:324)
	at org.eclipse.e4.ui.bindings.keys.KeyBindingDispatcher$KeyDownFilter.handleEvent(KeyBindingDispatcher.java:86)
	at org.eclipse.swt.widgets.EventTable.sendEvent(EventTable.java:84)
	at org.eclipse.swt.widgets.Display.filterEvent(Display.java:1270)
	at org.eclipse.swt.widgets.Widget.sendEvent(Widget.java:1078)
	at org.eclipse.swt.widgets.Widget.sendEvent(Widget.java:1103)
	at org.eclipse.swt.widgets.Widget.sendEvent(Widget.java:1088)
	at org.eclipse.swt.widgets.Widget.sendKeyEvent(Widget.java:1130)
	at org.eclipse.swt.widgets.Widget.sendKeyEvent(Widget.java:1126)
	at org.eclipse.swt.widgets.Widget.wmChar(Widget.java:1547)
	at org.eclipse.swt.widgets.Control.WM_CHAR(Control.java:4918)
	at org.eclipse.swt.widgets.Canvas.WM_CHAR(Canvas.java:364)
	at org.eclipse.swt.widgets.Control.windowProc(Control.java:4799)
	at org.eclipse.swt.widgets.Canvas.windowProc(Canvas.java:359)
	at org.eclipse.swt.widgets.Display.windowProc(Display.java:5110)
	at org.eclipse.swt.internal.win32.OS.DispatchMessageW(Native Method)
	at org.eclipse.swt.internal.win32.OS.DispatchMessage(OS.java:2552)
	at org.eclipse.swt.widgets.Display.readAndDispatch(Display.java:3822)
	at org.eclipse.e4.ui.internal.workbench.swt.PartRenderingEngine$4.run(PartRenderingEngine.java:1121)
	at org.eclipse.core.databinding.observable.Realm.runWithDefault(Realm.java:336)
	at org.eclipse.e4.ui.internal.workbench.swt.PartRenderingEngine.run(PartRenderingEngine.java:1022)
	at org.eclipse.e4.ui.internal.workbench.E4Workbench.createAndRunUI(E4Workbench.java:150)
	at org.eclipse.ui.internal.Workbench$5.run(Workbench.java:693)
	at org.eclipse.core.databinding.observable.Realm.runWithDefault(Realm.java:336)
	at org.eclipse.ui.internal.Workbench.createAndRunWorkbench(Workbench.java:610)
	at org.eclipse.ui.PlatformUI.createAndRunWorkbench(PlatformUI.java:148)
	at org.eclipse.ui.internal.ide.application.IDEApplication.start(IDEApplication.java:138)
	at org.eclipse.equinox.internal.app.EclipseAppHandle.run(EclipseAppHandle.java:196)
	at org.eclipse.core.runtime.internal.adaptor.EclipseAppLauncher.runApplication(EclipseAppLauncher.java:134)
	at org.eclipse.core.runtime.internal.adaptor.EclipseAppLauncher.start(EclipseAppLauncher.java:104)
	at org.eclipse.core.runtime.adaptor.EclipseStarter.run(EclipseStarter.java:388)
	at org.eclipse.core.runtime.adaptor.EclipseStarter.run(EclipseStarter.java:243)
	at sun.reflect.NativeMethodAccessorImpl.invoke0(Native Method)
	at sun.reflect.NativeMethodAccessorImpl.invoke(NativeMethodAccessorImpl.java:62)
	at sun.reflect.DelegatingMethodAccessorImpl.invoke(DelegatingMethodAccessorImpl.java:43)
	at java.lang.reflect.Method.invoke(Method.java:498)
	at org.eclipse.equinox.launcher.Main.invokeFramework(Main.java:673)
	at org.eclipse.equinox.launcher.Main.basicRun(Main.java:610)
	at org.eclipse.equinox.launcher.Main.run(Main.java:1519)
!SUBENTRY 2 org.sf.feeling.decompiler 8 1 2017-06-23 15:46:11.663
!MESSAGE 

!ENTRY org.eclipse.equinox.p2.repository 2 0 2017-06-23 17:07:27.681
!MESSAGE サーバーが lastModified <= 0 を戻しました http://raw.githubusercontent.com/cnfree/eclipse/master/decompiler/update/content.jar

!ENTRY org.eclipse.equinox.p2.transport.ecf 4 1002 2017-06-23 17:07:35.701
!MESSAGE https://www.cpupk.com/decompiler/update/content.xml のリポジトリーを読み取ることができません。
!STACK 0
javax.net.ssl.SSLException: hostname in certificate didn't match: <www.cpupk.com> != <www.github.com> OR <www.github.com> OR <*.github.com> OR <github.com> OR <*.github.io> OR <github.io> OR <*.githubusercontent.com> OR <githubusercontent.com>
	at org.apache.http.conn.ssl.AbstractVerifier.verify(AbstractVerifier.java:238)
	at org.apache.http.conn.ssl.BrowserCompatHostnameVerifier.verify(BrowserCompatHostnameVerifier.java:54)
	at org.apache.http.conn.ssl.AbstractVerifier.verify(AbstractVerifier.java:159)
	at org.apache.http.conn.ssl.AbstractVerifier.verify(AbstractVerifier.java:140)
	at org.apache.http.conn.ssl.SSLSocketFactory.verifyHostname(SSLSocketFactory.java:561)
	at org.apache.http.conn.ssl.SSLSocketFactory.connectSocket(SSLSocketFactory.java:536)
	at org.eclipse.ecf.provider.filetransfer.httpclient4.SNIAwareHttpClient$1.connectSocket(SNIAwareHttpClient.java:63)
	at org.apache.http.conn.ssl.SSLSocketFactory.connectSocket(SSLSocketFactory.java:403)
	at org.apache.http.impl.conn.DefaultClientConnectionOperator.openConnection(DefaultClientConnectionOperator.java:177)
	at org.apache.http.impl.conn.ManagedClientConnectionImpl.open(ManagedClientConnectionImpl.java:304)
	at org.apache.http.impl.client.DefaultRequestDirector.tryConnect(DefaultRequestDirector.java:611)
	at org.apache.http.impl.client.DefaultRequestDirector.execute(DefaultRequestDirector.java:446)
	at org.apache.http.impl.client.AbstractHttpClient.doExecute(AbstractHttpClient.java:863)
	at org.apache.http.impl.client.CloseableHttpClient.execute(CloseableHttpClient.java:82)
	at org.eclipse.ecf.provider.filetransfer.httpclient4.HttpClientFileSystemBrowser.runRequest(HttpClientFileSystemBrowser.java:263)
	at org.eclipse.ecf.provider.filetransfer.browse.AbstractFileSystemBrowser$DirectoryJob.run(AbstractFileSystemBrowser.java:69)
	at org.eclipse.core.internal.jobs.Worker.run(Worker.java:55)

!ENTRY org.eclipse.jface.text 2 0 2017-06-23 22:37:05.179
!MESSAGE 
!STACK 0
java.lang.NullPointerException
	at org.eclipse.jdt.internal.ui.text.java.ProposalInfo.extractJavadoc(ProposalInfo.java:90)
	at org.eclipse.jdt.internal.ui.text.java.ProposalInfo.computeInfo(ProposalInfo.java:75)
	at org.eclipse.jdt.internal.ui.text.java.ProposalInfo.getInfo(ProposalInfo.java:60)
	at org.eclipse.jdt.internal.ui.text.java.AbstractJavaCompletionProposal.getAdditionalProposalInfo(AbstractJavaCompletionProposal.java:602)
	at org.eclipse.jface.text.contentassist.AdditionalInfoController$Timer$2$1.run(AdditionalInfoController.java:113)
	at org.eclipse.core.internal.jobs.Worker.run(Worker.java:55)

!ENTRY org.eclipse.jface.text 2 0 2017-06-23 22:38:05.227
!MESSAGE 
!STACK 0
java.lang.NullPointerException
	at org.eclipse.jdt.internal.ui.text.java.ProposalInfo.extractJavadoc(ProposalInfo.java:90)
	at org.eclipse.jdt.internal.ui.text.java.ProposalInfo.computeInfo(ProposalInfo.java:75)
	at org.eclipse.jdt.internal.ui.text.java.ProposalInfo.getInfo(ProposalInfo.java:60)
	at org.eclipse.jdt.internal.ui.text.java.AbstractJavaCompletionProposal.getAdditionalProposalInfo(AbstractJavaCompletionProposal.java:602)
	at org.eclipse.jface.text.contentassist.AdditionalInfoController$Timer$2$1.run(AdditionalInfoController.java:113)
	at org.eclipse.core.internal.jobs.Worker.run(Worker.java:55)

!ENTRY org.eclipse.jface.text 2 0 2017-06-23 22:52:27.303
!MESSAGE 
!STACK 0
java.lang.NullPointerException
	at org.eclipse.jdt.internal.ui.text.java.ProposalInfo.extractJavadoc(ProposalInfo.java:90)
	at org.eclipse.jdt.internal.ui.text.java.ProposalInfo.computeInfo(ProposalInfo.java:75)
	at org.eclipse.jdt.internal.ui.text.java.ProposalInfo.getInfo(ProposalInfo.java:60)
	at org.eclipse.jdt.internal.ui.text.java.AbstractJavaCompletionProposal.getAdditionalProposalInfo(AbstractJavaCompletionProposal.java:602)
	at org.eclipse.jface.text.contentassist.AdditionalInfoController$Timer$2$1.run(AdditionalInfoController.java:113)
	at org.eclipse.core.internal.jobs.Worker.run(Worker.java:55)
!SESSION 2017-06-23 23:30:15.535 -----------------------------------------------
eclipse.buildId=4.6.2.M20161124-1400
java.version=1.8.0_112
java.vendor=Oracle Corporation
BootLoader constants: OS=win32, ARCH=x86_64, WS=win32, NL=ja_JP
Framework arguments:  -product org.eclipse.epp.package.jee.product
Command-line arguments:  -os win32 -ws win32 -arch x86_64 -product org.eclipse.epp.package.jee.product

!ENTRY org.eclipse.jface 2 0 2017-06-23 23:30:21.333
!MESSAGE キーバインドの競合が発生しました。 通常のアクセラレーター操作を妨げる可能性があります。
!SUBENTRY 1 org.eclipse.jface 2 0 2017-06-23 23:30:21.333
!MESSAGE ALT+CTRL+T の競合が発生しました:
Binding(ALT+CTRL+T,
	ParameterizedCommand(Command(org.eclipse.tm.terminal.connector.local.command.launch,選択されたローカル・ターミナルを開く,
		,
		Category(org.eclipse.tm.terminal.view.ui.commands.category,ターミナル・コマンド,null,true),
		org.eclipse.ui.internal.WorkbenchHandlerServiceHandler@413e8246,
		,,true),null),
	org.eclipse.ui.defaultAcceleratorConfiguration,
	org.eclipse.ui.contexts.window,,,system)
Binding(ALT+CTRL+T,
	ParameterizedCommand(Command(org.eclipse.team.svn.ui.command.EditPropertiesCommand,プロパティーの表示,
		,
		Category(org.eclipse.team.svn.ui.command.category,SVN,null,true),
		org.eclipse.ui.internal.WorkbenchHandlerServiceHandler@4c7b4a31,
		,,true),null),
	org.eclipse.ui.defaultAcceleratorConfiguration,
	org.eclipse.ui.contexts.window,,,system)
!SUBENTRY 1 org.eclipse.jface 2 0 2017-06-23 23:30:21.333
!MESSAGE A conflict occurred for ALT+SHIFT+X R:
Binding(ALT+SHIFT+X R,
	ParameterizedCommand(Command(org.eclipse.wst.server.launchShortcut.run,サーバーで実行,
		サーバー上の現在の選択を実行,
		Category(org.eclipse.debug.ui.category.run,実行/デバッグ,コマンド実行/デバッグのカテゴリー,true),
		org.eclipse.ui.internal.WorkbenchHandlerServiceHandler@2df7766b,
		,,true),null),
	org.eclipse.ui.defaultAcceleratorConfiguration,
	org.eclipse.ui.contexts.window,,,system)
Binding(ALT+SHIFT+X R,
	ParameterizedCommand(Command(org.eclipse.rap.tools.launch.RAPLaunchShortcut.run,RAP アプリケーションの実行,
		RAP アプリケーションの実行,
		Category(org.eclipse.debug.ui.category.run,実行/デバッグ,コマンド実行/デバッグのカテゴリー,true),
		org.eclipse.ui.internal.WorkbenchHandlerServiceHandler@235d46b2,
		,,true),null),
	org.eclipse.ui.defaultAcceleratorConfiguration,
	org.eclipse.ui.contexts.window,,,system)
!SUBENTRY 1 org.eclipse.jface 2 0 2017-06-23 23:30:21.333
!MESSAGE A conflict occurred for ALT+SHIFT+D R:
Binding(ALT+SHIFT+D R,
	ParameterizedCommand(Command(org.eclipse.wst.server.launchShortcut.debug,サーバーでデバッグ,
		サーバー上の現在の選択をデバッグ,
		Category(org.eclipse.debug.ui.category.run,実行/デバッグ,コマンド実行/デバッグのカテゴリー,true),
		org.eclipse.ui.internal.WorkbenchHandlerServiceHandler@1644cc2d,
		,,true),null),
	org.eclipse.ui.defaultAcceleratorConfiguration,
	org.eclipse.ui.contexts.window,,,system)
Binding(ALT+SHIFT+D R,
	ParameterizedCommand(Command(org.eclipse.rap.tools.launch.RAPLaunchShortcut.debug,RAP アプリケーションのデバッグ,
		RAP アプリケーションのデバッグ,
		Category(org.eclipse.debug.ui.category.run,実行/デバッグ,コマンド実行/デバッグのカテゴリー,true),
		org.eclipse.ui.internal.WorkbenchHandlerServiceHandler@f83616,
		,,true),null),
	org.eclipse.ui.defaultAcceleratorConfiguration,
	org.eclipse.ui.contexts.window,,,system)

!ENTRY org.eclipse.jface 2 0 2017-06-23 23:30:25.596
!MESSAGE キーバインドの競合が発生しました。 通常のアクセラレーター操作を妨げる可能性があります。
!SUBENTRY 1 org.eclipse.jface 2 0 2017-06-23 23:30:25.596
!MESSAGE ALT+CTRL+SPACE の競合が発生しました:
Binding(ALT+CTRL+SPACE,
	ParameterizedCommand(Command(AnyEdit.CnvrtTabToSpaces.command,タブをスペースに,
		,
		Category(AnyEdit.category,AnyEdit ツール,AnyEdit ツール・キー・バインド,true),
		org.eclipse.ui.internal.WorkbenchHandlerServiceHandler@6b0dc462,
		,,true),null),
	org.eclipse.ui.defaultAcceleratorConfiguration,
	org.eclipse.ui.textEditorScope,,,system)
Binding(ALT+CTRL+SPACE,
	ParameterizedCommand(Command(org.eclipse.recommenders.snipmatch.rcp.commands.completion,Snipmatch スニペット・コンプリート,
		Open a dialog to search for and insert code snippets,
		Category(org.eclipse.jdt.ui.category.source,ソース,Java ソース・アクション,true),
		org.eclipse.ui.internal.WorkbenchHandlerServiceHandler@3415d6e,
		,,true),null),
	org.eclipse.ui.defaultAcceleratorConfiguration,
	org.eclipse.ui.textEditorScope,,,system)
!SUBENTRY 1 org.eclipse.jface 2 0 2017-06-23 23:30:25.596
!MESSAGE CTRL+- の競合が発生しました:
Binding(CTRL+-,
	ParameterizedCommand(Command(org.eclipse.gef.zoom_out,ズームアウト,
		ズームアウト,
		Category(org.eclipse.gef.category.view,ビュー,ビュー,true),
		org.eclipse.ui.internal.WorkbenchHandlerServiceHandler@71676e5f,
		,,true),null),
	org.eclipse.ui.defaultAcceleratorConfiguration,
	org.eclipse.ui.contexts.window,,,system)
Binding(CTRL+-,
	ParameterizedCommand(Command(org.eclipse.ui.edit.text.zoomOut,ズームアウト,
		テキストのズーム・アウト - テキスト・エディターのデフォルト・フォント・サイズを小さくします,
		Category(org.eclipse.ui.category.textEditor,テキスト編集,テキスト編集コマンド,true),
		org.eclipse.ui.internal.WorkbenchHandlerServiceHandler@491da2fe,
		,,true),null),
	org.eclipse.ui.defaultAcceleratorConfiguration,
	org.eclipse.ui.textEditorScope,,,system)
Binding(CTRL+-,
	ParameterizedCommand(Command(junit.extensions.eclipse.quick.pde.command.PDEJUnitRunAction,JUnit Plug-in テスト,
		PDE JUnitでテストを実行します．,
		Category(junit.extensions.eclipse.quick.command.category,Quick JUnit,Quick JUnitアクション,true),
		org.eclipse.ui.internal.WorkbenchHandlerServiceHandler@4c36416b,
		,,true),null),
	org.eclipse.ui.defaultAcceleratorConfiguration,
	org.eclipse.ui.textEditorScope,,,system)

!ENTRY org.eclipse.equinox.p2.repository 2 0 2017-06-23 23:30:36.183
!MESSAGE サーバーが lastModified <= 0 を戻しました http://raw.githubusercontent.com/cnfree/eclipse/master/decompiler/update/content.jar

!ENTRY org.eclipse.equinox.p2.transport.ecf 4 1002 2017-06-23 23:31:53.736
!MESSAGE https://www.cpupk.com/decompiler/update/content.xml のリポジトリーを読み取ることができません。
!STACK 0
javax.net.ssl.SSLException: hostname in certificate didn't match: <www.cpupk.com> != <www.github.com> OR <www.github.com> OR <*.github.com> OR <github.com> OR <*.github.io> OR <github.io> OR <*.githubusercontent.com> OR <githubusercontent.com>
	at org.apache.http.conn.ssl.AbstractVerifier.verify(AbstractVerifier.java:238)
	at org.apache.http.conn.ssl.BrowserCompatHostnameVerifier.verify(BrowserCompatHostnameVerifier.java:54)
	at org.apache.http.conn.ssl.AbstractVerifier.verify(AbstractVerifier.java:159)
	at org.apache.http.conn.ssl.AbstractVerifier.verify(AbstractVerifier.java:140)
	at org.apache.http.conn.ssl.SSLSocketFactory.verifyHostname(SSLSocketFactory.java:561)
	at org.apache.http.conn.ssl.SSLSocketFactory.connectSocket(SSLSocketFactory.java:536)
	at org.eclipse.ecf.provider.filetransfer.httpclient4.SNIAwareHttpClient$1.connectSocket(SNIAwareHttpClient.java:63)
	at org.apache.http.conn.ssl.SSLSocketFactory.connectSocket(SSLSocketFactory.java:403)
	at org.apache.http.impl.conn.DefaultClientConnectionOperator.openConnection(DefaultClientConnectionOperator.java:177)
	at org.apache.http.impl.conn.ManagedClientConnectionImpl.open(ManagedClientConnectionImpl.java:304)
	at org.apache.http.impl.client.DefaultRequestDirector.tryConnect(DefaultRequestDirector.java:611)
	at org.apache.http.impl.client.DefaultRequestDirector.execute(DefaultRequestDirector.java:446)
	at org.apache.http.impl.client.AbstractHttpClient.doExecute(AbstractHttpClient.java:863)
	at org.apache.http.impl.client.CloseableHttpClient.execute(CloseableHttpClient.java:82)
	at org.eclipse.ecf.provider.filetransfer.httpclient4.HttpClientFileSystemBrowser.runRequest(HttpClientFileSystemBrowser.java:263)
	at org.eclipse.ecf.provider.filetransfer.browse.AbstractFileSystemBrowser$DirectoryJob.run(AbstractFileSystemBrowser.java:69)
	at org.eclipse.core.internal.jobs.Worker.run(Worker.java:55)

!ENTRY org.eclipse.jface.text 2 0 2017-06-23 23:44:30.297
!MESSAGE 重複テンプレート ID: 'org.eclipse.wst.xslt.templates.xpath.number'

!ENTRY org.eclipse.jface.text 2 0 2017-06-23 23:44:30.298
!MESSAGE 重複テンプレート ID: 'org.eclipse.wst.xslt.templates.xpath.round'

!ENTRY org.eclipse.jface.text 2 0 2017-06-23 23:44:30.310
!MESSAGE 重複テンプレート ID: 'zigen.plugin.db.template.sql.case'

!ENTRY org.eclipse.jface.text 2 0 2017-06-24 00:26:12.600
!MESSAGE 重複テンプレート ID: 'org.eclipse.wst.xslt.templates.xpath.number'

!ENTRY org.eclipse.jface.text 2 0 2017-06-24 00:26:12.603
!MESSAGE 重複テンプレート ID: 'org.eclipse.wst.xslt.templates.xpath.round'

!ENTRY org.eclipse.jface.text 2 0 2017-06-24 00:26:12.612
!MESSAGE 重複テンプレート ID: 'zigen.plugin.db.template.sql.case'

!ENTRY org.eclipse.jface.text 2 0 2017-06-24 00:55:00.285
!MESSAGE 
!STACK 0
java.lang.NullPointerException
	at org.eclipse.jdt.internal.ui.text.java.ProposalInfo.extractJavadoc(ProposalInfo.java:90)
	at org.eclipse.jdt.internal.ui.text.java.ProposalInfo.computeInfo(ProposalInfo.java:75)
	at org.eclipse.jdt.internal.ui.text.java.ProposalInfo.getInfo(ProposalInfo.java:60)
	at org.eclipse.jdt.internal.ui.text.java.AbstractJavaCompletionProposal.getAdditionalProposalInfo(AbstractJavaCompletionProposal.java:602)
	at org.eclipse.jface.text.contentassist.AdditionalInfoController$Timer$2$1.run(AdditionalInfoController.java:113)
	at org.eclipse.core.internal.jobs.Worker.run(Worker.java:55)

!ENTRY org.eclipse.jface.text 2 0 2017-06-24 00:55:05.517
!MESSAGE 
!STACK 0
java.lang.NullPointerException
	at org.eclipse.jdt.internal.ui.text.java.ProposalInfo.extractJavadoc(ProposalInfo.java:90)
	at org.eclipse.jdt.internal.ui.text.java.ProposalInfo.computeInfo(ProposalInfo.java:75)
	at org.eclipse.jdt.internal.ui.text.java.ProposalInfo.getInfo(ProposalInfo.java:60)
	at org.eclipse.jdt.internal.ui.text.java.AbstractJavaCompletionProposal.getAdditionalProposalInfo(AbstractJavaCompletionProposal.java:602)
	at org.eclipse.jface.text.contentassist.AdditionalInfoController$Timer$2$1.run(AdditionalInfoController.java:113)
	at org.eclipse.core.internal.jobs.Worker.run(Worker.java:55)

!ENTRY org.eclipse.jface.text 2 0 2017-06-24 01:06:46.472
!MESSAGE 
!STACK 0
java.lang.NullPointerException
	at org.eclipse.jdt.internal.ui.text.java.ProposalInfo.extractJavadoc(ProposalInfo.java:90)
	at org.eclipse.jdt.internal.ui.text.java.ProposalInfo.computeInfo(ProposalInfo.java:75)
	at org.eclipse.jdt.internal.ui.text.java.ProposalInfo.getInfo(ProposalInfo.java:60)
	at org.eclipse.jdt.internal.ui.text.java.AbstractJavaCompletionProposal.getAdditionalProposalInfo(AbstractJavaCompletionProposal.java:602)
	at org.eclipse.jface.text.contentassist.AdditionalInfoController$Timer$2$1.run(AdditionalInfoController.java:113)
	at org.eclipse.core.internal.jobs.Worker.run(Worker.java:55)
!SESSION 2017-06-24 13:10:21.211 -----------------------------------------------
eclipse.buildId=4.6.2.M20161124-1400
java.version=1.8.0_112
java.vendor=Oracle Corporation
BootLoader constants: OS=win32, ARCH=x86_64, WS=win32, NL=ja_JP
Framework arguments:  -product org.eclipse.epp.package.jee.product
Command-line arguments:  -os win32 -ws win32 -arch x86_64 -product org.eclipse.epp.package.jee.product

!ENTRY org.eclipse.jface 2 0 2017-06-24 13:10:27.187
!MESSAGE キーバインドの競合が発生しました。 通常のアクセラレーター操作を妨げる可能性があります。
!SUBENTRY 1 org.eclipse.jface 2 0 2017-06-24 13:10:27.187
!MESSAGE ALT+CTRL+T の競合が発生しました:
Binding(ALT+CTRL+T,
	ParameterizedCommand(Command(org.eclipse.tm.terminal.connector.local.command.launch,選択されたローカル・ターミナルを開く,
		,
		Category(org.eclipse.tm.terminal.view.ui.commands.category,ターミナル・コマンド,null,true),
		org.eclipse.ui.internal.WorkbenchHandlerServiceHandler@5f0bf0ed,
		,,true),null),
	org.eclipse.ui.defaultAcceleratorConfiguration,
	org.eclipse.ui.contexts.window,,,system)
Binding(ALT+CTRL+T,
	ParameterizedCommand(Command(org.eclipse.team.svn.ui.command.EditPropertiesCommand,プロパティーの表示,
		,
		Category(org.eclipse.team.svn.ui.command.category,SVN,null,true),
		org.eclipse.ui.internal.WorkbenchHandlerServiceHandler@6f9e6a85,
		,,true),null),
	org.eclipse.ui.defaultAcceleratorConfiguration,
	org.eclipse.ui.contexts.window,,,system)
!SUBENTRY 1 org.eclipse.jface 2 0 2017-06-24 13:10:27.187
!MESSAGE A conflict occurred for ALT+SHIFT+X R:
Binding(ALT+SHIFT+X R,
	ParameterizedCommand(Command(org.eclipse.wst.server.launchShortcut.run,サーバーで実行,
		サーバー上の現在の選択を実行,
		Category(org.eclipse.debug.ui.category.run,実行/デバッグ,コマンド実行/デバッグのカテゴリー,true),
		org.eclipse.ui.internal.WorkbenchHandlerServiceHandler@2e17a9e6,
		,,true),null),
	org.eclipse.ui.defaultAcceleratorConfiguration,
	org.eclipse.ui.contexts.window,,,system)
Binding(ALT+SHIFT+X R,
	ParameterizedCommand(Command(org.eclipse.rap.tools.launch.RAPLaunchShortcut.run,RAP アプリケーションの実行,
		RAP アプリケーションの実行,
		Category(org.eclipse.debug.ui.category.run,実行/デバッグ,コマンド実行/デバッグのカテゴリー,true),
		org.eclipse.ui.internal.WorkbenchHandlerServiceHandler@6a1b4854,
		,,true),null),
	org.eclipse.ui.defaultAcceleratorConfiguration,
	org.eclipse.ui.contexts.window,,,system)
!SUBENTRY 1 org.eclipse.jface 2 0 2017-06-24 13:10:27.187
!MESSAGE A conflict occurred for ALT+SHIFT+D R:
Binding(ALT+SHIFT+D R,
	ParameterizedCommand(Command(org.eclipse.wst.server.launchShortcut.debug,サーバーでデバッグ,
		サーバー上の現在の選択をデバッグ,
		Category(org.eclipse.debug.ui.category.run,実行/デバッグ,コマンド実行/デバッグのカテゴリー,true),
		org.eclipse.ui.internal.WorkbenchHandlerServiceHandler@6a175162,
		,,true),null),
	org.eclipse.ui.defaultAcceleratorConfiguration,
	org.eclipse.ui.contexts.window,,,system)
Binding(ALT+SHIFT+D R,
	ParameterizedCommand(Command(org.eclipse.rap.tools.launch.RAPLaunchShortcut.debug,RAP アプリケーションのデバッグ,
		RAP アプリケーションのデバッグ,
		Category(org.eclipse.debug.ui.category.run,実行/デバッグ,コマンド実行/デバッグのカテゴリー,true),
		org.eclipse.ui.internal.WorkbenchHandlerServiceHandler@7641c4e7,
		,,true),null),
	org.eclipse.ui.defaultAcceleratorConfiguration,
	org.eclipse.ui.contexts.window,,,system)

!ENTRY org.eclipse.jface 2 0 2017-06-24 13:10:32.146
!MESSAGE キーバインドの競合が発生しました。 通常のアクセラレーター操作を妨げる可能性があります。
!SUBENTRY 1 org.eclipse.jface 2 0 2017-06-24 13:10:32.146
!MESSAGE ALT+CTRL+SPACE の競合が発生しました:
Binding(ALT+CTRL+SPACE,
	ParameterizedCommand(Command(AnyEdit.CnvrtTabToSpaces.command,タブをスペースに,
		,
		Category(AnyEdit.category,AnyEdit ツール,AnyEdit ツール・キー・バインド,true),
		org.eclipse.ui.internal.WorkbenchHandlerServiceHandler@5c98fe31,
		,,true),null),
	org.eclipse.ui.defaultAcceleratorConfiguration,
	org.eclipse.ui.textEditorScope,,,system)
Binding(ALT+CTRL+SPACE,
	ParameterizedCommand(Command(org.eclipse.recommenders.snipmatch.rcp.commands.completion,Snipmatch スニペット・コンプリート,
		Open a dialog to search for and insert code snippets,
		Category(org.eclipse.jdt.ui.category.source,ソース,Java ソース・アクション,true),
		org.eclipse.ui.internal.WorkbenchHandlerServiceHandler@6385b96c,
		,,true),null),
	org.eclipse.ui.defaultAcceleratorConfiguration,
	org.eclipse.ui.textEditorScope,,,system)
!SUBENTRY 1 org.eclipse.jface 2 0 2017-06-24 13:10:32.147
!MESSAGE CTRL+- の競合が発生しました:
Binding(CTRL+-,
	ParameterizedCommand(Command(org.eclipse.gef.zoom_out,ズームアウト,
		ズームアウト,
		Category(org.eclipse.gef.category.view,ビュー,ビュー,true),
		org.eclipse.ui.internal.WorkbenchHandlerServiceHandler@17b3feb7,
		,,true),null),
	org.eclipse.ui.defaultAcceleratorConfiguration,
	org.eclipse.ui.contexts.window,,,system)
Binding(CTRL+-,
	ParameterizedCommand(Command(org.eclipse.ui.edit.text.zoomOut,ズームアウト,
		テキストのズーム・アウト - テキスト・エディターのデフォルト・フォント・サイズを小さくします,
		Category(org.eclipse.ui.category.textEditor,テキスト編集,テキスト編集コマンド,true),
		org.eclipse.ui.internal.WorkbenchHandlerServiceHandler@327fa027,
		,,true),null),
	org.eclipse.ui.defaultAcceleratorConfiguration,
	org.eclipse.ui.textEditorScope,,,system)
Binding(CTRL+-,
	ParameterizedCommand(Command(junit.extensions.eclipse.quick.pde.command.PDEJUnitRunAction,JUnit Plug-in テスト,
		PDE JUnitでテストを実行します．,
		Category(junit.extensions.eclipse.quick.command.category,Quick JUnit,Quick JUnitアクション,true),
		org.eclipse.ui.internal.WorkbenchHandlerServiceHandler@290db92f,
		,,true),null),
	org.eclipse.ui.defaultAcceleratorConfiguration,
	org.eclipse.ui.textEditorScope,,,system)

!ENTRY org.eclipse.equinox.p2.repository 2 0 2017-06-24 13:10:38.765
!MESSAGE サーバーが lastModified <= 0 を戻しました http://raw.githubusercontent.com/cnfree/eclipse/master/decompiler/update/content.jar

!ENTRY org.eclipse.jface.text 2 0 2017-06-24 13:16:50.440
!MESSAGE 重複テンプレート ID: 'org.eclipse.wst.xslt.templates.xpath.number'

!ENTRY org.eclipse.jface.text 2 0 2017-06-24 13:16:50.441
!MESSAGE 重複テンプレート ID: 'org.eclipse.wst.xslt.templates.xpath.round'

!ENTRY org.eclipse.jface.text 2 0 2017-06-24 13:16:50.453
!MESSAGE 重複テンプレート ID: 'zigen.plugin.db.template.sql.case'

!ENTRY org.eclipse.jface.text 2 0 2017-06-24 13:21:41.572
!MESSAGE 
!STACK 0
java.lang.NullPointerException
	at org.eclipse.jdt.internal.ui.text.java.ProposalInfo.extractJavadoc(ProposalInfo.java:90)
	at org.eclipse.jdt.internal.ui.text.java.ProposalInfo.computeInfo(ProposalInfo.java:75)
	at org.eclipse.jdt.internal.ui.text.java.ProposalInfo.getInfo(ProposalInfo.java:60)
	at org.eclipse.jdt.internal.ui.text.java.AbstractJavaCompletionProposal.getAdditionalProposalInfo(AbstractJavaCompletionProposal.java:602)
	at org.eclipse.jface.text.contentassist.AdditionalInfoController$Timer$2$1.run(AdditionalInfoController.java:113)
	at org.eclipse.core.internal.jobs.Worker.run(Worker.java:55)

!ENTRY org.eclipse.jface.text 2 0 2017-06-24 13:23:26.867
!MESSAGE 
!STACK 0
java.lang.NullPointerException
	at org.eclipse.jdt.internal.ui.text.java.ProposalInfo.extractJavadoc(ProposalInfo.java:90)
	at org.eclipse.jdt.internal.ui.text.java.ProposalInfo.computeInfo(ProposalInfo.java:75)
	at org.eclipse.jdt.internal.ui.text.java.ProposalInfo.getInfo(ProposalInfo.java:60)
	at org.eclipse.jdt.internal.ui.text.java.AbstractJavaCompletionProposal.getAdditionalProposalInfo(AbstractJavaCompletionProposal.java:602)
	at org.eclipse.jface.text.contentassist.AdditionalInfoController$Timer$2$1.run(AdditionalInfoController.java:113)
	at org.eclipse.core.internal.jobs.Worker.run(Worker.java:55)

!ENTRY org.eclipse.jface.text 2 0 2017-06-24 13:24:42.630
!MESSAGE 
!STACK 0
java.lang.NullPointerException
	at org.eclipse.jdt.internal.ui.text.java.ProposalInfo.extractJavadoc(ProposalInfo.java:90)
	at org.eclipse.jdt.internal.ui.text.java.ProposalInfo.computeInfo(ProposalInfo.java:75)
	at org.eclipse.jdt.internal.ui.text.java.ProposalInfo.getInfo(ProposalInfo.java:60)
	at org.eclipse.jdt.internal.ui.text.java.AbstractJavaCompletionProposal.getAdditionalProposalInfo(AbstractJavaCompletionProposal.java:602)
	at org.eclipse.jface.text.contentassist.AdditionalInfoController$Timer$2$1.run(AdditionalInfoController.java:113)
	at org.eclipse.core.internal.jobs.Worker.run(Worker.java:55)

!ENTRY org.eclipse.equinox.p2.repository 2 0 2017-06-24 13:43:02.527
!MESSAGE サーバーが lastModified <= 0 を戻しました http://raw.githubusercontent.com/cnfree/eclipse/master/decompiler/update/content.jar

!ENTRY org.eclipse.equinox.p2.transport.ecf 4 1002 2017-06-24 13:43:27.424
!MESSAGE https://www.cpupk.com/decompiler/update/content.xml のリポジトリーを読み取ることができません。
!STACK 0
javax.net.ssl.SSLException: hostname in certificate didn't match: <www.cpupk.com> != <www.github.com> OR <www.github.com> OR <*.github.com> OR <github.com> OR <*.github.io> OR <github.io> OR <*.githubusercontent.com> OR <githubusercontent.com>
	at org.apache.http.conn.ssl.AbstractVerifier.verify(AbstractVerifier.java:238)
	at org.apache.http.conn.ssl.BrowserCompatHostnameVerifier.verify(BrowserCompatHostnameVerifier.java:54)
	at org.apache.http.conn.ssl.AbstractVerifier.verify(AbstractVerifier.java:159)
	at org.apache.http.conn.ssl.AbstractVerifier.verify(AbstractVerifier.java:140)
	at org.apache.http.conn.ssl.SSLSocketFactory.verifyHostname(SSLSocketFactory.java:561)
	at org.apache.http.conn.ssl.SSLSocketFactory.connectSocket(SSLSocketFactory.java:536)
	at org.eclipse.ecf.provider.filetransfer.httpclient4.SNIAwareHttpClient$1.connectSocket(SNIAwareHttpClient.java:63)
	at org.apache.http.conn.ssl.SSLSocketFactory.connectSocket(SSLSocketFactory.java:403)
	at org.apache.http.impl.conn.DefaultClientConnectionOperator.openConnection(DefaultClientConnectionOperator.java:177)
	at org.apache.http.impl.conn.ManagedClientConnectionImpl.open(ManagedClientConnectionImpl.java:304)
	at org.apache.http.impl.client.DefaultRequestDirector.tryConnect(DefaultRequestDirector.java:611)
	at org.apache.http.impl.client.DefaultRequestDirector.execute(DefaultRequestDirector.java:446)
	at org.apache.http.impl.client.AbstractHttpClient.doExecute(AbstractHttpClient.java:863)
	at org.apache.http.impl.client.CloseableHttpClient.execute(CloseableHttpClient.java:82)
	at org.eclipse.ecf.provider.filetransfer.httpclient4.HttpClientFileSystemBrowser.runRequest(HttpClientFileSystemBrowser.java:263)
	at org.eclipse.ecf.provider.filetransfer.browse.AbstractFileSystemBrowser$DirectoryJob.run(AbstractFileSystemBrowser.java:69)
	at org.eclipse.core.internal.jobs.Worker.run(Worker.java:55)
!SESSION 2017-06-24 20:22:14.942 -----------------------------------------------
eclipse.buildId=4.6.2.M20161124-1400
java.version=1.8.0_112
java.vendor=Oracle Corporation
BootLoader constants: OS=win32, ARCH=x86_64, WS=win32, NL=ja_JP
Framework arguments:  -product org.eclipse.epp.package.jee.product
Command-line arguments:  -os win32 -ws win32 -arch x86_64 -product org.eclipse.epp.package.jee.product

!ENTRY org.eclipse.jface 2 0 2017-06-24 20:22:22.368
!MESSAGE キーバインドの競合が発生しました。 通常のアクセラレーター操作を妨げる可能性があります。
!SUBENTRY 1 org.eclipse.jface 2 0 2017-06-24 20:22:22.368
!MESSAGE ALT+CTRL+T の競合が発生しました:
Binding(ALT+CTRL+T,
	ParameterizedCommand(Command(org.eclipse.tm.terminal.connector.local.command.launch,選択されたローカル・ターミナルを開く,
		,
		Category(org.eclipse.tm.terminal.view.ui.commands.category,ターミナル・コマンド,null,true),
		org.eclipse.ui.internal.WorkbenchHandlerServiceHandler@6cee52e2,
		,,true),null),
	org.eclipse.ui.defaultAcceleratorConfiguration,
	org.eclipse.ui.contexts.window,,,system)
Binding(ALT+CTRL+T,
	ParameterizedCommand(Command(org.eclipse.team.svn.ui.command.EditPropertiesCommand,プロパティーの表示,
		,
		Category(org.eclipse.team.svn.ui.command.category,SVN,null,true),
		org.eclipse.ui.internal.WorkbenchHandlerServiceHandler@7842260f,
		,,true),null),
	org.eclipse.ui.defaultAcceleratorConfiguration,
	org.eclipse.ui.contexts.window,,,system)
!SUBENTRY 1 org.eclipse.jface 2 0 2017-06-24 20:22:22.369
!MESSAGE A conflict occurred for ALT+SHIFT+X R:
Binding(ALT+SHIFT+X R,
	ParameterizedCommand(Command(org.eclipse.wst.server.launchShortcut.run,サーバーで実行,
		サーバー上の現在の選択を実行,
		Category(org.eclipse.debug.ui.category.run,実行/デバッグ,コマンド実行/デバッグのカテゴリー,true),
		org.eclipse.ui.internal.WorkbenchHandlerServiceHandler@7cb4d4ee,
		,,true),null),
	org.eclipse.ui.defaultAcceleratorConfiguration,
	org.eclipse.ui.contexts.window,,,system)
Binding(ALT+SHIFT+X R,
	ParameterizedCommand(Command(org.eclipse.rap.tools.launch.RAPLaunchShortcut.run,RAP アプリケーションの実行,
		RAP アプリケーションの実行,
		Category(org.eclipse.debug.ui.category.run,実行/デバッグ,コマンド実行/デバッグのカテゴリー,true),
		org.eclipse.ui.internal.WorkbenchHandlerServiceHandler@44ec6637,
		,,true),null),
	org.eclipse.ui.defaultAcceleratorConfiguration,
	org.eclipse.ui.contexts.window,,,system)
!SUBENTRY 1 org.eclipse.jface 2 0 2017-06-24 20:22:22.369
!MESSAGE A conflict occurred for ALT+SHIFT+D R:
Binding(ALT+SHIFT+D R,
	ParameterizedCommand(Command(org.eclipse.wst.server.launchShortcut.debug,サーバーでデバッグ,
		サーバー上の現在の選択をデバッグ,
		Category(org.eclipse.debug.ui.category.run,実行/デバッグ,コマンド実行/デバッグのカテゴリー,true),
		org.eclipse.ui.internal.WorkbenchHandlerServiceHandler@5a0b550a,
		,,true),null),
	org.eclipse.ui.defaultAcceleratorConfiguration,
	org.eclipse.ui.contexts.window,,,system)
Binding(ALT+SHIFT+D R,
	ParameterizedCommand(Command(org.eclipse.rap.tools.launch.RAPLaunchShortcut.debug,RAP アプリケーションのデバッグ,
		RAP アプリケーションのデバッグ,
		Category(org.eclipse.debug.ui.category.run,実行/デバッグ,コマンド実行/デバッグのカテゴリー,true),
		org.eclipse.ui.internal.WorkbenchHandlerServiceHandler@3390621a,
		,,true),null),
	org.eclipse.ui.defaultAcceleratorConfiguration,
	org.eclipse.ui.contexts.window,,,system)

!ENTRY org.eclipse.jface 2 0 2017-06-24 20:22:29.416
!MESSAGE キーバインドの競合が発生しました。 通常のアクセラレーター操作を妨げる可能性があります。
!SUBENTRY 1 org.eclipse.jface 2 0 2017-06-24 20:22:29.416
!MESSAGE ALT+CTRL+SPACE の競合が発生しました:
Binding(ALT+CTRL+SPACE,
	ParameterizedCommand(Command(AnyEdit.CnvrtTabToSpaces.command,タブをスペースに,
		,
		Category(AnyEdit.category,AnyEdit ツール,AnyEdit ツール・キー・バインド,true),
		org.eclipse.ui.internal.WorkbenchHandlerServiceHandler@bfd7235,
		,,true),null),
	org.eclipse.ui.defaultAcceleratorConfiguration,
	org.eclipse.ui.textEditorScope,,,system)
Binding(ALT+CTRL+SPACE,
	ParameterizedCommand(Command(org.eclipse.recommenders.snipmatch.rcp.commands.completion,Snipmatch スニペット・コンプリート,
		Open a dialog to search for and insert code snippets,
		Category(org.eclipse.jdt.ui.category.source,ソース,Java ソース・アクション,true),
		org.eclipse.ui.internal.WorkbenchHandlerServiceHandler@7b74883,
		,,true),null),
	org.eclipse.ui.defaultAcceleratorConfiguration,
	org.eclipse.ui.textEditorScope,,,system)
!SUBENTRY 1 org.eclipse.jface 2 0 2017-06-24 20:22:29.416
!MESSAGE CTRL+- の競合が発生しました:
Binding(CTRL+-,
	ParameterizedCommand(Command(org.eclipse.gef.zoom_out,ズームアウト,
		ズームアウト,
		Category(org.eclipse.gef.category.view,ビュー,ビュー,true),
		org.eclipse.ui.internal.WorkbenchHandlerServiceHandler@75f4c44c,
		,,true),null),
	org.eclipse.ui.defaultAcceleratorConfiguration,
	org.eclipse.ui.contexts.window,,,system)
Binding(CTRL+-,
	ParameterizedCommand(Command(org.eclipse.ui.edit.text.zoomOut,ズームアウト,
		テキストのズーム・アウト - テキスト・エディターのデフォルト・フォント・サイズを小さくします,
		Category(org.eclipse.ui.category.textEditor,テキスト編集,テキスト編集コマンド,true),
		org.eclipse.ui.internal.WorkbenchHandlerServiceHandler@31b70b2a,
		,,true),null),
	org.eclipse.ui.defaultAcceleratorConfiguration,
	org.eclipse.ui.textEditorScope,,,system)
Binding(CTRL+-,
	ParameterizedCommand(Command(junit.extensions.eclipse.quick.pde.command.PDEJUnitRunAction,JUnit Plug-in テスト,
		PDE JUnitでテストを実行します．,
		Category(junit.extensions.eclipse.quick.command.category,Quick JUnit,Quick JUnitアクション,true),
		org.eclipse.ui.internal.WorkbenchHandlerServiceHandler@513babf3,
		,,true),null),
	org.eclipse.ui.defaultAcceleratorConfiguration,
	org.eclipse.ui.textEditorScope,,,system)

!ENTRY org.eclipse.equinox.p2.repository 2 0 2017-06-24 20:22:34.672
!MESSAGE サーバーが lastModified <= 0 を戻しました http://raw.githubusercontent.com/cnfree/eclipse/master/decompiler/update/content.jar
!SESSION 2017-06-24 20:23:45.885 -----------------------------------------------
eclipse.buildId=4.6.2.M20161124-1400
java.version=1.8.0_112
java.vendor=Oracle Corporation
BootLoader constants: OS=win32, ARCH=x86_64, WS=win32, NL=ja_JP
Framework arguments:  -product org.eclipse.epp.package.jee.product
Command-line arguments:  -os win32 -ws win32 -arch x86_64 -product org.eclipse.epp.package.jee.product

!ENTRY org.eclipse.jface 2 0 2017-06-24 20:23:51.762
!MESSAGE キーバインドの競合が発生しました。 通常のアクセラレーター操作を妨げる可能性があります。
!SUBENTRY 1 org.eclipse.jface 2 0 2017-06-24 20:23:51.762
!MESSAGE ALT+CTRL+T の競合が発生しました:
Binding(ALT+CTRL+T,
	ParameterizedCommand(Command(org.eclipse.tm.terminal.connector.local.command.launch,選択されたローカル・ターミナルを開く,
		,
		Category(org.eclipse.tm.terminal.view.ui.commands.category,ターミナル・コマンド,null,true),
		org.eclipse.ui.internal.WorkbenchHandlerServiceHandler@3a75d9a1,
		,,true),null),
	org.eclipse.ui.defaultAcceleratorConfiguration,
	org.eclipse.ui.contexts.window,,,system)
Binding(ALT+CTRL+T,
	ParameterizedCommand(Command(org.eclipse.team.svn.ui.command.EditPropertiesCommand,プロパティーの表示,
		,
		Category(org.eclipse.team.svn.ui.command.category,SVN,null,true),
		org.eclipse.ui.internal.WorkbenchHandlerServiceHandler@698daff6,
		,,true),null),
	org.eclipse.ui.defaultAcceleratorConfiguration,
	org.eclipse.ui.contexts.window,,,system)
!SUBENTRY 1 org.eclipse.jface 2 0 2017-06-24 20:23:51.762
!MESSAGE A conflict occurred for ALT+SHIFT+X R:
Binding(ALT+SHIFT+X R,
	ParameterizedCommand(Command(org.eclipse.wst.server.launchShortcut.run,サーバーで実行,
		サーバー上の現在の選択を実行,
		Category(org.eclipse.debug.ui.category.run,実行/デバッグ,コマンド実行/デバッグのカテゴリー,true),
		org.eclipse.ui.internal.WorkbenchHandlerServiceHandler@7a085d02,
		,,true),null),
	org.eclipse.ui.defaultAcceleratorConfiguration,
	org.eclipse.ui.contexts.window,,,system)
Binding(ALT+SHIFT+X R,
	ParameterizedCommand(Command(org.eclipse.rap.tools.launch.RAPLaunchShortcut.run,RAP アプリケーションの実行,
		RAP アプリケーションの実行,
		Category(org.eclipse.debug.ui.category.run,実行/デバッグ,コマンド実行/デバッグのカテゴリー,true),
		org.eclipse.ui.internal.WorkbenchHandlerServiceHandler@6cee52e2,
		,,true),null),
	org.eclipse.ui.defaultAcceleratorConfiguration,
	org.eclipse.ui.contexts.window,,,system)
!SUBENTRY 1 org.eclipse.jface 2 0 2017-06-24 20:23:51.762
!MESSAGE A conflict occurred for ALT+SHIFT+D R:
Binding(ALT+SHIFT+D R,
	ParameterizedCommand(Command(org.eclipse.wst.server.launchShortcut.debug,サーバーでデバッグ,
		サーバー上の現在の選択をデバッグ,
		Category(org.eclipse.debug.ui.category.run,実行/デバッグ,コマンド実行/デバッグのカテゴリー,true),
		org.eclipse.ui.internal.WorkbenchHandlerServiceHandler@7842260f,
		,,true),null),
	org.eclipse.ui.defaultAcceleratorConfiguration,
	org.eclipse.ui.contexts.window,,,system)
Binding(ALT+SHIFT+D R,
	ParameterizedCommand(Command(org.eclipse.rap.tools.launch.RAPLaunchShortcut.debug,RAP アプリケーションのデバッグ,
		RAP アプリケーションのデバッグ,
		Category(org.eclipse.debug.ui.category.run,実行/デバッグ,コマンド実行/デバッグのカテゴリー,true),
		org.eclipse.ui.internal.WorkbenchHandlerServiceHandler@7cb4d4ee,
		,,true),null),
	org.eclipse.ui.defaultAcceleratorConfiguration,
	org.eclipse.ui.contexts.window,,,system)

!ENTRY org.eclipse.equinox.p2.repository 2 0 2017-06-24 20:24:02.870
!MESSAGE サーバーが lastModified <= 0 を戻しました http://raw.githubusercontent.com/cnfree/eclipse/master/decompiler/update/content.jar
